android/app/build/intermediates/manifest_merge_blame_file/release/manifest-merger-blame-release-report.txt
1<?xml version="1.0" encoding="utf-8"?>
2<manifest xmlns:android="http://schemas.android.com/apk/res/android"
3    package="com.examroom"
4    android:versionCode="1"
5    android:versionName="1.0" >
6
7    <uses-sdk
8        android:minSdkVersion="21"
8-->src/main/AndroidManifest.xml
9        android:targetSdkVersion="33" />
9-->src/main/AndroidManifest.xml
10
11    <uses-permission android:name="android.permission.INTERNET" />
11-->src/main/AndroidManifest.xml:3:5-67
11-->src/main/AndroidManifest.xml:3:22-64
12    <!--
13         Required to keep CPU alive while downloading files
14        (NOT to keep screen awake)
15    -->
16    <uses-permission android:name="android.permission.WAKE_LOCK" />
16-->[:react-native-blob-util] AndroidManifest.xml:16:5-68
16-->[:react-native-blob-util] AndroidManifest.xml:16:22-65
17    <!--
18         Required to poll the state of the network connection
19        and respond to changes
20    -->
21    <uses-permission android:name="android.permission.ACCESS_NETWORK_STATE" /> <!-- Required to check whether Wi-Fi is enabled -->
21-->[:react-native-blob-util] AndroidManifest.xml:22:5-79
21-->[:react-native-blob-util] AndroidManifest.xml:22:22-76
22    <uses-permission android:name="android.permission.ACCESS_WIFI_STATE" /> <!-- Required to read and write the expansion files on shared storage -->
22-->[:react-native-blob-util] AndroidManifest.xml:25:5-76
22-->[:react-native-blob-util] AndroidManifest.xml:25:22-73
23    <uses-permission android:name="android.permission.WRITE_EXTERNAL_STORAGE" /> <!-- Required to read and write the expansion files on shared storage for Android 11 -->
23-->[:react-native-blob-util] AndroidManifest.xml:28:5-81
23-->[:react-native-blob-util] AndroidManifest.xml:28:22-78
24    <uses-permission android:name="android.permission.READ_EXTERNAL_STORAGE" /> <!-- Required to to download files without a notification -->
24-->[:react-native-blob-util] AndroidManifest.xml:31:5-80
24-->[:react-native-blob-util] AndroidManifest.xml:31:22-77
25    <uses-permission android:name="android.permission.DOWNLOAD_WITHOUT_NOTIFICATION" /> <!-- Required by older versions of Google Play services to create IID tokens -->
25-->[:react-native-blob-util] AndroidManifest.xml:34:5-88
25-->[:react-native-blob-util] AndroidManifest.xml:34:22-85
26    <uses-permission android:name="com.google.android.c2dm.permission.RECEIVE" />
26-->[com.google.android.gms:play-services-iid:17.0.0] AndroidManifest.xml:23:5-82
26-->[com.google.android.gms:play-services-iid:17.0.0] AndroidManifest.xml:23:22-79
27    <uses-permission android:name="com.google.android.finsky.permission.BIND_GET_INSTALL_REFERRER_SERVICE" />
27-->[com.android.installreferrer:installreferrer:1.1.2] AndroidManifest.xml:9:5-110
27-->[com.android.installreferrer:installreferrer:1.1.2] AndroidManifest.xml:9:22-107
28
29    <application
29-->src/main/AndroidManifest.xml:5:5-23:19
30        android:name="com.examroom.MainApplication"
30-->src/main/AndroidManifest.xml:6:7-38
31        android:allowBackup="false"
31-->src/main/AndroidManifest.xml:9:7-34
32        android:appComponentFactory="androidx.core.app.CoreComponentFactory"
32-->[androidx.core:core:1.7.0] AndroidManifest.xml:24:18-86
33        android:icon="@mipmap/ic_launcher"
33-->src/main/AndroidManifest.xml:8:7-41
34        android:label="@string/app_name"
34-->src/main/AndroidManifest.xml:7:7-39
35        android:theme="@style/AppTheme" >
35-->src/main/AndroidManifest.xml:10:7-38
36        <activity
36-->src/main/AndroidManifest.xml:11:7-22:18
37            android:name="com.examroom.MainActivity"
37-->src/main/AndroidManifest.xml:12:9-37
38            android:configChanges="keyboard|keyboardHidden|orientation|screenLayout|screenSize|smallestScreenSize|uiMode"
38-->src/main/AndroidManifest.xml:14:9-118
39            android:exported="true"
39-->src/main/AndroidManifest.xml:17:9-32
40            android:label="@string/app_name"
40-->src/main/AndroidManifest.xml:13:9-41
41            android:launchMode="singleTask"
41-->src/main/AndroidManifest.xml:15:9-40
42            android:windowSoftInputMode="adjustResize" >
42-->src/main/AndroidManifest.xml:16:9-51
43            <intent-filter>
43-->src/main/AndroidManifest.xml:18:9-21:25
44                <action android:name="android.intent.action.MAIN" />
44-->src/main/AndroidManifest.xml:19:13-65
44-->src/main/AndroidManifest.xml:19:21-62
45
46                <category android:name="android.intent.category.LAUNCHER" />
46-->src/main/AndroidManifest.xml:20:13-73
46-->src/main/AndroidManifest.xml:20:23-70
47            </intent-filter>
48        </activity>
49
50        <provider
50-->[:react-native-blob-util] AndroidManifest.xml:37:9-45:20
51            android:name="com.ReactNativeBlobUtil.Utils.FileProvider"
51-->[:react-native-blob-util] AndroidManifest.xml:38:13-70
52            android:authorities="com.examroom.provider"
52-->[:react-native-blob-util] AndroidManifest.xml:39:13-60
53            android:exported="false"
53-->[:react-native-blob-util] AndroidManifest.xml:40:13-37
54            android:grantUriPermissions="true" >
54-->[:react-native-blob-util] AndroidManifest.xml:41:13-47
55            <meta-data
55-->[:react-native-blob-util] AndroidManifest.xml:42:13-44:58
56                android:name="android.support.FILE_PROVIDER_PATHS"
56-->[:react-native-blob-util] AndroidManifest.xml:43:17-67
57                android:resource="@xml/provider_paths" />
57-->[:react-native-blob-util] AndroidManifest.xml:44:17-55
58        </provider>
59
60        <activity
60-->[com.google.android.gms:play-services-base:17.0.0] AndroidManifest.xml:23:9-26:75
61            android:name="com.google.android.gms.common.api.GoogleApiActivity"
61-->[com.google.android.gms:play-services-base:17.0.0] AndroidManifest.xml:24:13-79
62            android:exported="false"
62-->[com.google.android.gms:play-services-base:17.0.0] AndroidManifest.xml:25:13-37
63            android:theme="@android:style/Theme.Translucent.NoTitleBar" />
63-->[com.google.android.gms:play-services-base:17.0.0] AndroidManifest.xml:26:13-72
64
65        <meta-data
65-->[com.google.android.gms:play-services-basement:17.0.0] AndroidManifest.xml:23:9-25:69
66            android:name="com.google.android.gms.version"
66-->[com.google.android.gms:play-services-basement:17.0.0] AndroidManifest.xml:24:13-58
67            android:value="@integer/google_play_services_version" />
67-->[com.google.android.gms:play-services-basement:17.0.0] AndroidManifest.xml:25:13-66
68
69        <provider
69-->[androidx.emoji2:emoji2:1.0.0] AndroidManifest.xml:26:9-34:20
70            android:name="androidx.startup.InitializationProvider"
70-->[androidx.emoji2:emoji2:1.0.0] AndroidManifest.xml:27:13-67
71            android:authorities="com.examroom.androidx-startup"
71-->[androidx.emoji2:emoji2:1.0.0] AndroidManifest.xml:28:13-68
72            android:exported="false" >
72-->[androidx.emoji2:emoji2:1.0.0] AndroidManifest.xml:29:13-37
73            <meta-data
73-->[androidx.emoji2:emoji2:1.0.0] AndroidManifest.xml:31:13-33:52
74                android:name="androidx.emoji2.text.EmojiCompatInitializer"
74-->[androidx.emoji2:emoji2:1.0.0] AndroidManifest.xml:32:17-75
75                android:value="androidx.startup" />
75-->[androidx.emoji2:emoji2:1.0.0] AndroidManifest.xml:33:17-49
76            <meta-data
76-->[androidx.lifecycle:lifecycle-process:2.4.0] AndroidManifest.xml:31:13-33:52
77                android:name="androidx.lifecycle.ProcessLifecycleInitializer"
77-->[androidx.lifecycle:lifecycle-process:2.4.0] AndroidManifest.xml:32:17-78
78                android:value="androidx.startup" />
78-->[androidx.lifecycle:lifecycle-process:2.4.0] AndroidManifest.xml:33:17-49
79        </provider>
80    </application>
81
82</manifest>